<?xml version="1.0" encoding="UTF-8"?>
<testsuite xmlns:xsi="http://www.w3.org/2001/XMLSchema-instance" xsi:noNamespaceSchemaLocation="https://maven.apache.org/surefire/maven-surefire-plugin/xsd/surefire-test-report.xsd" name="com.maersk.telikos.model.CacheImplTest" time="4.05" tests="2" errors="0" skipped="0" failures="0">
  <properties>
[...]
</properties>
  <testcase name="cachePutTest" classname="com.maersk.telikos.model.CacheImplTest" time="0.199"/>
  <testcase name="cacheGetTest" classname="com.maersk.telikos.model.CacheImplTest" time="0.023"/>
</testsuite>